<?xml version="1.0" encoding="UTF-8"?>
<testsuite xmlns:xsi="http://www.w3.org/2001/XMLSchema-instance" xsi:noNamespaceSchemaLocation="https://maven.apache.org/surefire/maven-surefire-plugin/xsd/surefire-test-report-3.0.xsd" version="3.0" name="com.wc.webcrawler.WebCrawlerTest" time="0.041" tests="7" errors="0" skipped="0" failures="0">
  <properties>
[...]
</properties>
  <testcase name="testFilterAndSortWithMoreThanFiveWords" classname="com.wc.webcrawler.WebCrawlerTest" time="0.005"/>
  <testcase name="testFilterAndSortWithEqualNumberOfComments" classname="com.wc.webcrawler.WebCrawlerTest" time="0.0"/>
  <testcase name="testFilterAndSortWithInvalidOption" classname="com.wc.webcrawler.WebCrawlerTest" time="0.002">
    <system-out><![CDATA[Error: java.lang.Exception: Unsupported option.
]]></system-out>
  </testcase>
  <testcase name="testFilterAndSortWithNullList" classname="com.wc.webcrawler.WebCrawlerTest" time="0.001">
    <system-out><![CDATA[Error: java.lang.NullPointerException: Cannot invoke "java.util.List.stream()" because "entries" is null
]]></system-out>
  </testcase>
  <testcase name="testFilterAndSortWithEmptyList" classname="com.wc.webcrawler.WebCrawlerTest" time="0.0"/>
  <testcase name="testFilterAndSortWithLessThanOrEqualFiveWords" classname="com.wc.webcrawler.WebCrawlerTest" time="0.0"/>
  <testcase name="testFilterAndSortWithEqualNumberOfPoints" classname="com.wc.webcrawler.WebCrawlerTest" time="0.0"/>
</testsuite>